[debug] [2022-05-14T02:43:26.287Z] ----------------------------------------------------------------------
[debug] [2022-05-14T02:43:26.290Z] Command:       C:\Program Files\nodejs\node.exe C:\Users\Home\AppData\Roaming\npm\node_modules\firebase-tools\lib\bin\firebase.js serve -p 5000
[debug] [2022-05-14T02:43:26.290Z] CLI Version:   10.9.2
[debug] [2022-05-14T02:43:26.290Z] Platform:      win32
[debug] [2022-05-14T02:43:26.290Z] Node Version:  v14.17.3
[debug] [2022-05-14T02:43:26.292Z] Time:          Fri May 13 2022 19:43:26 GMT-0700 (Pacific Daylight Time)
[debug] [2022-05-14T02:43:26.292Z] ----------------------------------------------------------------------
[debug] 
[debug] [2022-05-14T02:43:26.366Z] Object ".emulators.functions" in "firebase.json" has unknown property: {"additionalProperty":"predeploy"}
[debug] [2022-05-14T02:43:26.372Z] > command requires scopes: ["email","openid","https://www.googleapis.com/auth/cloudplatformprojects.readonly","https://www.googleapis.com/auth/firebase","https://www.googleapis.com/auth/cloud-platform"]
[debug] [2022-05-14T02:43:26.372Z] > authorizing via signed-in user (navkairon@gmail.com)
[debug] [2022-05-14T02:43:26.372Z] [iam] checking project mycapstoneproject-1bc50 for permissions ["firebase.projects.get"]
[debug] [2022-05-14T02:43:26.375Z] >>> [apiv2][query] POST https://cloudresourcemanager.googleapis.com/v1/projects/mycapstoneproject-1bc50:testIamPermissions [none]
[debug] [2022-05-14T02:43:26.375Z] >>> [apiv2][body] POST https://cloudresourcemanager.googleapis.com/v1/projects/mycapstoneproject-1bc50:testIamPermissions {"permissions":["firebase.projects.get"]}
[debug] [2022-05-14T02:43:26.526Z] <<< [apiv2][status] POST https://cloudresourcemanager.googleapis.com/v1/projects/mycapstoneproject-1bc50:testIamPermissions 200
[debug] [2022-05-14T02:43:26.526Z] <<< [apiv2][body] POST https://cloudresourcemanager.googleapis.com/v1/projects/mycapstoneproject-1bc50:testIamPermissions {"permissions":["firebase.projects.get"]}
[debug] [2022-05-14T02:43:26.528Z] >>> [apiv2][query] GET https://firebase.googleapis.com/v1beta1/projects/mycapstoneproject-1bc50 [none]
[debug] [2022-05-14T02:43:26.756Z] <<< [apiv2][status] GET https://firebase.googleapis.com/v1beta1/projects/mycapstoneproject-1bc50 200
[debug] [2022-05-14T02:43:26.756Z] <<< [apiv2][body] GET https://firebase.googleapis.com/v1beta1/projects/mycapstoneproject-1bc50 {"projectId":"mycapstoneproject-1bc50","projectNumber":"919424891838","displayName":"myCapstoneProject","name":"projects/mycapstoneproject-1bc50","resources":{"hostingSite":"mycapstoneproject-1bc50"},"state":"ACTIVE"}
[info] 
[info] === Serving from 'C:\Users\Home\Documents\capstone-project'...
[info] 
[debug] [2022-05-14T02:43:26.761Z] >>> [apiv2][query] GET https://firebasehosting.googleapis.com/v1beta1/projects/mycapstoneproject-1bc50/sites 
[warn] !  Your requested "node" version "16" doesn't match your global version "14". Using node@14 from host. {"metadata":{"emulator":{"name":"functions"},"message":"Your requested \"node\" version \"16\" doesn't match your global version \"14\". Using node@14 from host."}}
[debug] [2022-05-14T02:43:26.771Z] defaultcredentials: writing to file C:\Users\Home\AppData\Roaming\firebase\navkairon_gmail_com_application_default_credentials.json
[debug] [2022-05-14T02:43:26.773Z] Setting GAC to C:\Users\Home\AppData\Roaming\firebase\navkairon_gmail_com_application_default_credentials.json {"metadata":{"emulator":{"name":"functions"},"message":"Setting GAC to C:\\Users\\Home\\AppData\\Roaming\\firebase\\navkairon_gmail_com_application_default_credentials.json"}}
[debug] [2022-05-14T02:43:26.774Z] >>> [apiv2][query] GET https://firebase.googleapis.com/v1beta1/projects/mycapstoneproject-1bc50/adminSdkConfig [none]
[debug] [2022-05-14T02:43:27.130Z] <<< [apiv2][status] GET https://firebase.googleapis.com/v1beta1/projects/mycapstoneproject-1bc50/adminSdkConfig 200
[debug] [2022-05-14T02:43:27.130Z] <<< [apiv2][body] GET https://firebase.googleapis.com/v1beta1/projects/mycapstoneproject-1bc50/adminSdkConfig {"projectId":"mycapstoneproject-1bc50","storageBucket":"mycapstoneproject-1bc50.appspot.com"}
[debug] [2022-05-14T02:43:27.524Z] <<< [apiv2][status] GET https://firebasehosting.googleapis.com/v1beta1/projects/mycapstoneproject-1bc50/sites 200
[debug] [2022-05-14T02:43:27.524Z] <<< [apiv2][body] GET https://firebasehosting.googleapis.com/v1beta1/projects/mycapstoneproject-1bc50/sites {"sites":[{"name":"projects/mycapstoneproject-1bc50/sites/mycapstoneproject-1bc50","defaultUrl":"https://mycapstoneproject-1bc50.web.app","type":"DEFAULT_SITE"}]}
[debug] [2022-05-14T02:43:27.524Z] >>> [apiv2][query] GET https://firebase.googleapis.com/v1beta1/projects/mycapstoneproject-1bc50/webApps/-/config [none]
[debug] [2022-05-14T02:43:27.912Z] <<< [apiv2][status] GET https://firebase.googleapis.com/v1beta1/projects/mycapstoneproject-1bc50/webApps/-/config 200
[debug] [2022-05-14T02:43:27.913Z] <<< [apiv2][body] GET https://firebase.googleapis.com/v1beta1/projects/mycapstoneproject-1bc50/webApps/-/config {"projectId":"mycapstoneproject-1bc50","appId":"1:919424891838:web:a0e229c6708872cffb57ef","storageBucket":"mycapstoneproject-1bc50.appspot.com","apiKey":"AIzaSyBoHV-bk0vFrp9X1czLfIyPbXI0o1dB0RU","authDomain":"mycapstoneproject-1bc50.firebaseapp.com","messagingSenderId":"919424891838"}
[info] i  functions: Watching "C:\Users\Home\Documents\capstone-project\functions" for Cloud Functions... {"metadata":{"emulator":{"name":"functions"},"message":"Watching \"C:\\Users\\Home\\Documents\\capstone-project\\functions\" for Cloud Functions..."}}
[info] i  hosting: Serving hosting files from: build {"metadata":{"emulator":{"name":"hosting"},"message":"Serving hosting files from: \u001b[1mbuild\u001b[22m"}}
[info] +  hosting: Local server: http://localhost:5000 {"metadata":{"emulator":{"name":"hosting"},"message":"Local server: \u001b[4m\u001b[1mhttp://localhost:5000\u001b[22m\u001b[24m"}}
[debug] [2022-05-14T02:43:27.942Z] Validating nodejs source
[debug] [2022-05-14T02:43:30.696Z] > [functions] package.json contents: {
  "name": "functions",
  "description": "Cloud Functions for Firebase",
  "scripts": {
    "lint": "eslint .",
    "serve": "firebase emulators:start --only functions",
    "shell": "firebase functions:shell",
    "start": "npm run shell",
    "deploy": "firebase deploy --only functions",
    "logs": "firebase functions:log"
  },
  "engines": {
    "node": "16"
  },
  "main": "index.js",
  "dependencies": {
    "cors": "^2.8.5",
    "express": "^4.18.1",
    "firebase-admin": "^10.0.2",
    "firebase-functions": "^3.18.0",
    "stripe": "^9.1.0"
  },
  "devDependencies": {
    "eslint": "^8.9.0",
    "eslint-config-google": "^0.14.0",
    "firebase-functions-test": "^0.2.0"
  },
  "private": true
}
[debug] [2022-05-14T02:43:30.697Z] Building nodejs source
[debug] [2022-05-14T02:43:30.697Z] Analyzing nodejs backend spec
[debug] [2022-05-14T02:43:30.698Z] Could not find functions.yaml. Must use http discovery
[debug] [2022-05-14T02:43:31.219Z] Serving at port 9005

[debug] [2022-05-14T02:43:31.618Z] Got response from /__/functions.yaml {"endpoints":{"api":{"platform":"gcfv1","httpsTrigger":{},"entryPoint":"api"}},"specVersion":"v1alpha1","requiredAPIs":[]}
[debug] [2022-05-14T02:43:31.627Z] shutdown requested via /__/quitquitquit

[info] +  functions[us-central1-api]: http function initialized (http://localhost:5001/mycapstoneproject-1bc50/us-central1/api). {"metadata":{"emulator":{"name":"functions"},"message":"\u001b[1mhttp\u001b[22m function initialized (http://localhost:5001/mycapstoneproject-1bc50/us-central1/api)."}}
[debug] [2022-05-14T02:45:50.807Z] [work-queue] {"queueLength":1,"workRunningCount":0}
[debug] [2022-05-14T02:45:50.807Z] [work-queue] {"queueLength":0,"workRunningCount":1}
[debug] [2022-05-14T02:45:50.808Z] Accepted request POST /mycapstoneproject-1bc50/us-central1/api/payments/create?total=2598 --> us-central1-api
[debug] [2022-05-14T02:45:50.819Z] [worker-pool] addWorker(us-central1-api) {"metadata":{"emulator":{"name":"functions"},"message":"[worker-pool] addWorker(us-central1-api)"}}
[debug] [2022-05-14T02:45:50.820Z] [worker-pool] Adding worker with key us-central1-api, total=1 {"metadata":{"emulator":{"name":"functions"},"message":"[worker-pool] Adding worker with key us-central1-api, total=1"}}
[debug] [2022-05-14T02:45:50.820Z] [worker-pool] submitWork(triggerId=us-central1-api) {"metadata":{"emulator":{"name":"functions"},"message":"[worker-pool] submitWork(triggerId=us-central1-api)"}}
[debug] [2022-05-14T02:45:50.820Z] [worker-us-central1-api-a0318e9c-f0f1-4f46-a2d1-267a1282cae7]: Assigning socketPath: \\?\pipe\C:\Users\Home\Documents\capstone-project\functions\19604 {"metadata":{"emulator":{"name":"functions"},"message":"[worker-us-central1-api-a0318e9c-f0f1-4f46-a2d1-267a1282cae7]: Assigning socketPath: \\\\?\\pipe\\C:\\Users\\Home\\Documents\\capstone-project\\functions\\19604"}}
[debug] [2022-05-14T02:45:50.821Z] [worker-us-central1-api-a0318e9c-f0f1-4f46-a2d1-267a1282cae7]: BUSY {"metadata":{"emulator":{"name":"functions"},"message":"[worker-us-central1-api-a0318e9c-f0f1-4f46-a2d1-267a1282cae7]: BUSY"}}
[debug] [2022-05-14T02:45:52.786Z] [runtime-status] [19604] Functions runtime initialized. {"cwd":"C:\\Users\\Home\\Documents\\capstone-project\\functions","node_version":"14.17.3"} {"metadata":{"emulator":{"name":"functions"},"function":{"name":"us-central1-api"},"extension":{},"message":"[runtime-status] [19604] Functions runtime initialized. {\"cwd\":\"C:\\\\Users\\\\Home\\\\Documents\\\\capstone-project\\\\functions\",\"node_version\":\"14.17.3\"}"}}
[debug] [2022-05-14T02:45:52.789Z] [runtime-status] [19604] Disabled runtime features: undefined {"metadata":{"emulator":{"name":"functions"},"function":{"name":"us-central1-api"},"extension":{},"message":"[runtime-status] [19604] Disabled runtime features: undefined"}}
[debug] [2022-05-14T02:45:52.793Z] [runtime-status] [19604] Resolved module firebase-admin {"declared":true,"installed":true,"version":"10.2.0","resolution":"C:\\Users\\Home\\Documents\\capstone-project\\functions\\node_modules\\firebase-admin\\lib\\index.js"} {"metadata":{"emulator":{"name":"functions"},"function":{"name":"us-central1-api"},"extension":{},"message":"[runtime-status] [19604] Resolved module firebase-admin {\"declared\":true,\"installed\":true,\"version\":\"10.2.0\",\"resolution\":\"C:\\\\Users\\\\Home\\\\Documents\\\\capstone-project\\\\functions\\\\node_modules\\\\firebase-admin\\\\lib\\\\index.js\"}"}}
[debug] [2022-05-14T02:45:52.795Z] [runtime-status] [19604] Resolved module firebase-functions {"declared":true,"installed":true,"version":"3.21.1","resolution":"C:\\Users\\Home\\Documents\\capstone-project\\functions\\node_modules\\firebase-functions\\lib\\index.js"} {"metadata":{"emulator":{"name":"functions"},"function":{"name":"us-central1-api"},"extension":{},"message":"[runtime-status] [19604] Resolved module firebase-functions {\"declared\":true,\"installed\":true,\"version\":\"3.21.1\",\"resolution\":\"C:\\\\Users\\\\Home\\\\Documents\\\\capstone-project\\\\functions\\\\node_modules\\\\firebase-functions\\\\lib\\\\index.js\"}"}}
[debug] [2022-05-14T02:45:52.796Z] [runtime-status] [19604] Outgoing network have been stubbed. [{"name":"http","status":"mocked"},{"name":"http","status":"mocked"},{"name":"https","status":"mocked"},{"name":"https","status":"mocked"},{"name":"net","status":"mocked"}] {"metadata":{"emulator":{"name":"functions"},"function":{"name":"us-central1-api"},"extension":{},"message":"[runtime-status] [19604] Outgoing network have been stubbed. [{\"name\":\"http\",\"status\":\"mocked\"},{\"name\":\"http\",\"status\":\"mocked\"},{\"name\":\"https\",\"status\":\"mocked\"},{\"name\":\"https\",\"status\":\"mocked\"},{\"name\":\"net\",\"status\":\"mocked\"}]"}}
[debug] [2022-05-14T02:45:52.797Z] [runtime-status] [19604] Resolved module firebase-functions {"declared":true,"installed":true,"version":"3.21.1","resolution":"C:\\Users\\Home\\Documents\\capstone-project\\functions\\node_modules\\firebase-functions\\lib\\index.js"} {"metadata":{"emulator":{"name":"functions"},"function":{"name":"us-central1-api"},"extension":{},"message":"[runtime-status] [19604] Resolved module firebase-functions {\"declared\":true,\"installed\":true,\"version\":\"3.21.1\",\"resolution\":\"C:\\\\Users\\\\Home\\\\Documents\\\\capstone-project\\\\functions\\\\node_modules\\\\firebase-functions\\\\lib\\\\index.js\"}"}}
[debug] [2022-05-14T02:45:52.862Z] [runtime-status] [19604] Checked functions.config() {"config":{}} {"metadata":{"emulator":{"name":"functions"},"function":{"name":"us-central1-api"},"extension":{},"message":"[runtime-status] [19604] Checked functions.config() {\"config\":{}}"}}
[debug] [2022-05-14T02:45:52.863Z] [runtime-status] [19604] firebase-functions has been stubbed. {"functionsResolution":{"declared":true,"installed":true,"version":"3.21.1","resolution":"C:\\Users\\Home\\Documents\\capstone-project\\functions\\node_modules\\firebase-functions\\lib\\index.js"}} {"metadata":{"emulator":{"name":"functions"},"function":{"name":"us-central1-api"},"extension":{},"message":"[runtime-status] [19604] firebase-functions has been stubbed. {\"functionsResolution\":{\"declared\":true,\"installed\":true,\"version\":\"3.21.1\",\"resolution\":\"C:\\\\Users\\\\Home\\\\Documents\\\\capstone-project\\\\functions\\\\node_modules\\\\firebase-functions\\\\lib\\\\index.js\"}}"}}
[debug] [2022-05-14T02:45:52.864Z] [runtime-status] [19604] Resolved module firebase-functions {"declared":true,"installed":true,"version":"3.21.1","resolution":"C:\\Users\\Home\\Documents\\capstone-project\\functions\\node_modules\\firebase-functions\\lib\\index.js"} {"metadata":{"emulator":{"name":"functions"},"function":{"name":"us-central1-api"},"extension":{},"message":"[runtime-status] [19604] Resolved module firebase-functions {\"declared\":true,\"installed\":true,\"version\":\"3.21.1\",\"resolution\":\"C:\\\\Users\\\\Home\\\\Documents\\\\capstone-project\\\\functions\\\\node_modules\\\\firebase-functions\\\\lib\\\\index.js\"}"}}
[debug] [2022-05-14T02:45:52.868Z] [runtime-status] [19604] Resolved module firebase-admin {"declared":true,"installed":true,"version":"10.2.0","resolution":"C:\\Users\\Home\\Documents\\capstone-project\\functions\\node_modules\\firebase-admin\\lib\\index.js"} {"metadata":{"emulator":{"name":"functions"},"function":{"name":"us-central1-api"},"extension":{},"message":"[runtime-status] [19604] Resolved module firebase-admin {\"declared\":true,\"installed\":true,\"version\":\"10.2.0\",\"resolution\":\"C:\\\\Users\\\\Home\\\\Documents\\\\capstone-project\\\\functions\\\\node_modules\\\\firebase-admin\\\\lib\\\\index.js\"}"}}
[debug] [2022-05-14T02:45:52.869Z] [runtime-status] [19604] Resolved module firebase-functions {"declared":true,"installed":true,"version":"3.21.1","resolution":"C:\\Users\\Home\\Documents\\capstone-project\\functions\\node_modules\\firebase-functions\\lib\\index.js"} {"metadata":{"emulator":{"name":"functions"},"function":{"name":"us-central1-api"},"extension":{},"message":"[runtime-status] [19604] Resolved module firebase-functions {\"declared\":true,\"installed\":true,\"version\":\"3.21.1\",\"resolution\":\"C:\\\\Users\\\\Home\\\\Documents\\\\capstone-project\\\\functions\\\\node_modules\\\\firebase-functions\\\\lib\\\\index.js\"}"}}
[debug] [2022-05-14T02:45:52.870Z] [runtime-status] [19604] firebase-admin has been stubbed. {"adminResolution":{"declared":true,"installed":true,"version":"10.2.0","resolution":"C:\\Users\\Home\\Documents\\capstone-project\\functions\\node_modules\\firebase-admin\\lib\\index.js"}} {"metadata":{"emulator":{"name":"functions"},"function":{"name":"us-central1-api"},"extension":{},"message":"[runtime-status] [19604] firebase-admin has been stubbed. {\"adminResolution\":{\"declared\":true,\"installed\":true,\"version\":\"10.2.0\",\"resolution\":\"C:\\\\Users\\\\Home\\\\Documents\\\\capstone-project\\\\functions\\\\node_modules\\\\firebase-admin\\\\lib\\\\index.js\"}}"}}
[debug] [2022-05-14T02:45:53.159Z] [runtime-status] [19604] Beginning invocation function api! {"metadata":{"emulator":{"name":"functions"},"function":{"name":"us-central1-api"},"extension":{},"message":"[runtime-status] [19604] Beginning invocation function api!"}}
[info] i  functions: Beginning execution of "api" {"metadata":{"emulator":{"name":"functions"},"function":{"name":"us-central1-api"},"extension":{},"message":"Beginning execution of \"api\""}}
[debug] [2022-05-14T02:45:53.160Z] [runtime-status] [19604] Running api in signature http {"metadata":{"emulator":{"name":"functions"},"function":{"name":"us-central1-api"},"extension":{},"message":"[runtime-status] [19604] Running api in signature http"}}
[debug] [2022-05-14T02:45:53.164Z] [runtime-status] [19604] Attempting to listen to socketPath: \\?\pipe\C:\Users\Home\Documents\capstone-project\functions\19604 {"metadata":{"emulator":{"name":"functions"},"function":{"name":"us-central1-api"},"extension":{},"message":"[runtime-status] [19604] Attempting to listen to socketPath: \\\\?\\pipe\\C:\\Users\\Home\\Documents\\capstone-project\\functions\\19604"}}
[debug] [2022-05-14T02:45:53.170Z] [functions] Runtime ready! Sending request! {"metadata":{"emulator":{"name":"functions"},"message":"[functions] Runtime ready! Sending request!"}}
[debug] [2022-05-14T02:45:53.172Z] [functions] Got req.url=/mycapstoneproject-1bc50/us-central1/api/payments/create?total=2598, mapping to path=/payments/create?total=2598 {"metadata":{"emulator":{"name":"functions"},"message":"[functions] Got req.url=/mycapstoneproject-1bc50/us-central1/api/payments/create?total=2598, mapping to path=/payments/create?total=2598"}}
[debug] [2022-05-14T02:45:53.179Z] [runtime-status] [19604] Ephemeral server handling POST request {"metadata":{"emulator":{"name":"functions"},"function":{"name":"us-central1-api"},"extension":{},"message":"[runtime-status] [19604] Ephemeral server handling POST request"}}
[info] >  payment request 2598 {"user":"payment request 2598","metadata":{"emulator":{"name":"functions"},"function":{"name":"us-central1-api"},"extension":{},"message":"\u001b[90m> \u001b[39m payment request 2598"}}
[debug] [2022-05-14T02:45:53.193Z] [runtime-status] [19604] Ephemeral server survived. {"metadata":{"emulator":{"name":"functions"},"function":{"name":"us-central1-api"},"extension":{},"message":"[runtime-status] [19604] Ephemeral server survived."}}
[info] i  functions: Finished "api" in ~1s {"metadata":{"emulator":{"name":"functions"},"function":{"name":"us-central1-api"},"extension":{},"message":"Finished \"api\" in ~1s"}}
[debug] [2022-05-14T02:45:53.611Z] [worker-us-central1-api-a0318e9c-f0f1-4f46-a2d1-267a1282cae7]: IDLE {"metadata":{"emulator":{"name":"functions"},"message":"[worker-us-central1-api-a0318e9c-f0f1-4f46-a2d1-267a1282cae7]: IDLE"}}
[debug] [2022-05-14T02:45:53.612Z] [work-queue] {"queueLength":0,"workRunningCount":0}
[debug] [2022-05-14T02:46:04.646Z] [work-queue] {"queueLength":1,"workRunningCount":0}
[debug] [2022-05-14T02:46:04.646Z] [work-queue] {"queueLength":0,"workRunningCount":1}
[debug] [2022-05-14T02:46:04.646Z] Accepted request POST /mycapstoneproject-1bc50/us-central1/api/payments/create?total=5196 --> us-central1-api
[debug] [2022-05-14T02:46:04.646Z] [worker-pool] submitWork(triggerId=us-central1-api) {"metadata":{"emulator":{"name":"functions"},"message":"[worker-pool] submitWork(triggerId=us-central1-api)"}}
[debug] [2022-05-14T02:46:04.647Z] [worker-us-central1-api-a0318e9c-f0f1-4f46-a2d1-267a1282cae7]: Assigning socketPath: \\?\pipe\C:\Users\Home\Documents\capstone-project\functions\19604 {"metadata":{"emulator":{"name":"functions"},"message":"[worker-us-central1-api-a0318e9c-f0f1-4f46-a2d1-267a1282cae7]: Assigning socketPath: \\\\?\\pipe\\C:\\Users\\Home\\Documents\\capstone-project\\functions\\19604"}}
[debug] [2022-05-14T02:46:04.647Z] [worker-us-central1-api-a0318e9c-f0f1-4f46-a2d1-267a1282cae7]: BUSY {"metadata":{"emulator":{"name":"functions"},"message":"[worker-us-central1-api-a0318e9c-f0f1-4f46-a2d1-267a1282cae7]: BUSY"}}
[debug] [2022-05-14T02:46:04.648Z] [runtime-status] [19604] Beginning invocation function api! {"metadata":{"emulator":{"name":"functions"},"function":{"name":"us-central1-api"},"extension":{},"message":"[runtime-status] [19604] Beginning invocation function api!"}}
[info] i  functions: Beginning execution of "api" {"metadata":{"emulator":{"name":"functions"},"function":{"name":"us-central1-api"},"extension":{},"message":"Beginning execution of \"api\""}}
[debug] [2022-05-14T02:46:04.649Z] [runtime-status] [19604] Running api in signature http {"metadata":{"emulator":{"name":"functions"},"function":{"name":"us-central1-api"},"extension":{},"message":"[runtime-status] [19604] Running api in signature http"}}
[debug] [2022-05-14T02:46:04.649Z] [runtime-status] [19604] Attempting to listen to socketPath: \\?\pipe\C:\Users\Home\Documents\capstone-project\functions\19604 {"metadata":{"emulator":{"name":"functions"},"function":{"name":"us-central1-api"},"extension":{},"message":"[runtime-status] [19604] Attempting to listen to socketPath: \\\\?\\pipe\\C:\\Users\\Home\\Documents\\capstone-project\\functions\\19604"}}
[debug] [2022-05-14T02:46:04.653Z] [functions] Runtime ready! Sending request! {"metadata":{"emulator":{"name":"functions"},"message":"[functions] Runtime ready! Sending request!"}}
[debug] [2022-05-14T02:46:04.653Z] [functions] Got req.url=/mycapstoneproject-1bc50/us-central1/api/payments/create?total=5196, mapping to path=/payments/create?total=5196 {"metadata":{"emulator":{"name":"functions"},"message":"[functions] Got req.url=/mycapstoneproject-1bc50/us-central1/api/payments/create?total=5196, mapping to path=/payments/create?total=5196"}}
[debug] [2022-05-14T02:46:04.656Z] [runtime-status] [19604] Ephemeral server handling POST request {"metadata":{"emulator":{"name":"functions"},"function":{"name":"us-central1-api"},"extension":{},"message":"[runtime-status] [19604] Ephemeral server handling POST request"}}
[info] >  payment request 5196 {"user":"payment request 5196","metadata":{"emulator":{"name":"functions"},"function":{"name":"us-central1-api"},"extension":{},"message":"\u001b[90m> \u001b[39m payment request 5196"}}
[debug] [2022-05-14T02:46:04.660Z] [runtime-status] [19604] Ephemeral server survived. {"metadata":{"emulator":{"name":"functions"},"function":{"name":"us-central1-api"},"extension":{},"message":"[runtime-status] [19604] Ephemeral server survived."}}
[info] i  functions: Finished "api" in ~1s {"metadata":{"emulator":{"name":"functions"},"function":{"name":"us-central1-api"},"extension":{},"message":"Finished \"api\" in ~1s"}}
[debug] [2022-05-14T02:46:04.888Z] [worker-us-central1-api-a0318e9c-f0f1-4f46-a2d1-267a1282cae7]: IDLE {"metadata":{"emulator":{"name":"functions"},"message":"[worker-us-central1-api-a0318e9c-f0f1-4f46-a2d1-267a1282cae7]: IDLE"}}
[debug] [2022-05-14T02:46:04.889Z] [work-queue] {"queueLength":0,"workRunningCount":0}
